<?xml version="1.0" encoding="UTF-8" standalone="no"?><testsuite errors="1" failures="0" name="To Test the Our Bank Option in the home page" skipped="0" tests="1" time="74.88" timestamp="2023-08-01 12:30:09"><testcase name=""><error message="element click intercepted: Element &lt;input type=&quot;submit&quot; id=&quot;gform_submit_button_4&quot; class=&quot;gform_button button&quot; value=&quot;Submit&quot; onclick=&quot;if(window[&amp;quot;gf_submitting_4&amp;quot;]){return false;}  window[&amp;quot;gf_submitting_4&amp;quot;]=true;  &quot; onkeypress=&quot;if( event.keyCode == 13 ){ if(window[&amp;quot;gf_submitting_4&amp;quot;]){return false;} window[&amp;quot;gf_submitting_4&amp;quot;]=true;  jQuery(&amp;quot;#gform_4&amp;quot;).trigger(&amp;quot;submit&amp;quot;,[true]); }&quot;&gt; is not clickable at point (530, 503). Other element would receive the click: &lt;iframe title=&quot;recaptcha challenge expires in two minutes&quot; src=&quot;https://www.google.com/recaptcha/api2/bframe?hl=en&amp;amp;v=pCoGBhjs9s8EhFOHJFe8cqis&amp;amp;k=6LeJmpgUAAAAAMP7keawG55_pOkHuSywPytLxhYn&quot; name=&quot;c-buz5ga18mqc7&quot; frameborder=&quot;0&quot; scrolling=&quot;no&quot; sandbox=&quot;allow-forms allow-popups allow-same-origin allow-scripts allow-top-navigation allow-modals allow-popups-to-escape-sandbox&quot; style=&quot;width: 400px; height: 580px;&quot;&gt;&lt;/iframe&gt;&#10;  (Session info: chrome=115.0.5790.110)&#10;Build info: version: '4.8.1', revision: '8ebccac989'&#10;System info: os.name: 'Windows 11', os.arch: 'amd64', os.version: '10.0', java.version: '17.0.5'&#10;Driver info: org.openqa.selenium.chrome.ChromeDriver&#10;Command: [d0dd14d0530a22b1701239275b5c3cd3, clickElement {id=8091DFD5442899F4AA9284CDDAF2D62D_element_125}]&#10;Capabilities {acceptInsecureCerts: false, browserName: chrome, browserVersion: 115.0.5790.110, chrome: {chromedriverVersion: 114.0.5735.90 (386bc09e8f4f..., userDataDir: C:\Users\hp\AppData\Local\T...}, goog:chromeOptions: {debuggerAddress: localhost:62020}, networkConnectionEnabled: false, pageLoadStrategy: normal, platformName: WINDOWS, proxy: Proxy(), se:cdp: ws://localhost:62020/devtoo..., se:cdpVersion: 115.0.5790.110, setWindowRect: true, strictFileInteractability: false, timeouts: {implicit: 0, pageLoad: 300000, script: 30000}, unhandledPromptBehavior: dismiss and notify, webauthn:extension:credBlob: true, webauthn:extension:largeBlob: true, webauthn:extension:minPinLength: true, webauthn:extension:prf: true, webauthn:virtualAuthenticators: true}&#10;Element: [[ChromeDriver: chrome on WINDOWS (d0dd14d0530a22b1701239275b5c3cd3)] -&gt; xpath: //input[@type='submit']]&#10;Session ID: d0dd14d0530a22b1701239275b5c3cd3&#10;Build info: version: '4.8.1', revision: '8ebccac989'&#10;System info: os.name: 'Windows 11', os.arch: 'amd64', os.version: '10.0', java.version: '17.0.5'&#10;Driver info: driver.version: unknown" type="org.openqa.selenium.ElementClickInterceptedException">element click intercepted: Element &lt;input type="submit" id="gform_submit_button_4" class="gform_button button" value="Submit" onclick="if(window[&amp;quot;gf_submitting_4&amp;quot;]){return false;}  window[&amp;quot;gf_submitting_4&amp;quot;]=true;  " onkeypress="if( event.keyCode == 13 ){ if(window[&amp;quot;gf_submitting_4&amp;quot;]){return false;} window[&amp;quot;gf_submitting_4&amp;quot;]=true;  jQuery(&amp;quot;#gform_4&amp;quot;).trigger(&amp;quot;submit&amp;quot;,[true]); }"&gt; is not clickable at point (530, 503). Other element would receive the click: &lt;iframe title="recaptcha challenge expires in two minutes" src="https://www.google.com/recaptcha/api2/bframe?hl=en&amp;amp;v=pCoGBhjs9s8EhFOHJFe8cqis&amp;amp;k=6LeJmpgUAAAAAMP7keawG55_pOkHuSywPytLxhYn" name="c-buz5ga18mqc7" frameborder="0" scrolling="no" sandbox="allow-forms allow-popups allow-same-origin allow-scripts allow-top-navigation allow-modals allow-popups-to-escape-sandbox" style="width: 400px; height: 580px;"&gt;&lt;/iframe&gt;
  (Session info: chrome=115.0.5790.110)
Build info: version: '4.8.1', revision: '8ebccac989'
System info: os.name: 'Windows 11', os.arch: 'amd64', os.version: '10.0', java.version: '17.0.5'
Driver info: org.openqa.selenium.chrome.ChromeDriver
Command: [d0dd14d0530a22b1701239275b5c3cd3, clickElement {id=8091DFD5442899F4AA9284CDDAF2D62D_element_125}]
Capabilities {acceptInsecureCerts: false, browserName: chrome, browserVersion: 115.0.5790.110, chrome: {chromedriverVersion: 114.0.5735.90 (386bc09e8f4f..., userDataDir: C:\Users\hp\AppData\Local\T...}, goog:chromeOptions: {debuggerAddress: localhost:62020}, networkConnectionEnabled: false, pageLoadStrategy: normal, platformName: WINDOWS, proxy: Proxy(), se:cdp: ws://localhost:62020/devtoo..., se:cdpVersion: 115.0.5790.110, setWindowRect: true, strictFileInteractability: false, timeouts: {implicit: 0, pageLoad: 300000, script: 30000}, unhandledPromptBehavior: dismiss and notify, webauthn:extension:credBlob: true, webauthn:extension:largeBlob: true, webauthn:extension:minPinLength: true, webauthn:extension:prf: true, webauthn:virtualAuthenticators: true}
Element: [[ChromeDriver: chrome on WINDOWS (d0dd14d0530a22b1701239275b5c3cd3)] -&gt; xpath: //input[@type='submit']]
Session ID: d0dd14d0530a22b1701239275b5c3cd3
Build info: version: '4.8.1', revision: '8ebccac989'
System info: os.name: 'Windows 11', os.arch: 'amd64', os.version: '10.0', java.version: '17.0.5'
Driver info: driver.version: unknown</error><system-err>element click intercepted: Element &lt;input type="submit" id="gform_submit_button_4" class="gform_button button" value="Submit" onclick="if(window[&amp;quot;gf_submitting_4&amp;quot;]){return false;}  window[&amp;quot;gf_submitting_4&amp;quot;]=true;  " onkeypress="if( event.keyCode == 13 ){ if(window[&amp;quot;gf_submitting_4&amp;quot;]){return false;} window[&amp;quot;gf_submitting_4&amp;quot;]=true;  jQuery(&amp;quot;#gform_4&amp;quot;).trigger(&amp;quot;submit&amp;quot;,[true]); }"&gt; is not clickable at point (530, 503). Other element would receive the click: &lt;iframe title="recaptcha challenge expires in two minutes" src="https://www.google.com/recaptcha/api2/bframe?hl=en&amp;amp;v=pCoGBhjs9s8EhFOHJFe8cqis&amp;amp;k=6LeJmpgUAAAAAMP7keawG55_pOkHuSywPytLxhYn" name="c-buz5ga18mqc7" frameborder="0" scrolling="no" sandbox="allow-forms allow-popups allow-same-origin allow-scripts allow-top-navigation allow-modals allow-popups-to-escape-sandbox" style="width: 400px; height: 580px;"&gt;&lt;/iframe&gt;
  (Session info: chrome=115.0.5790.110)
Build info: version: '4.8.1', revision: '8ebccac989'
System info: os.name: 'Windows 11', os.arch: 'amd64', os.version: '10.0', java.version: '17.0.5'
Driver info: org.openqa.selenium.chrome.ChromeDriver
Command: [d0dd14d0530a22b1701239275b5c3cd3, clickElement {id=8091DFD5442899F4AA9284CDDAF2D62D_element_125}]
Capabilities {acceptInsecureCerts: false, browserName: chrome, browserVersion: 115.0.5790.110, chrome: {chromedriverVersion: 114.0.5735.90 (386bc09e8f4f..., userDataDir: C:\Users\hp\AppData\Local\T...}, goog:chromeOptions: {debuggerAddress: localhost:62020}, networkConnectionEnabled: false, pageLoadStrategy: normal, platformName: WINDOWS, proxy: Proxy(), se:cdp: ws://localhost:62020/devtoo..., se:cdpVersion: 115.0.5790.110, setWindowRect: true, strictFileInteractability: false, timeouts: {implicit: 0, pageLoad: 300000, script: 30000}, unhandledPromptBehavior: dismiss and notify, webauthn:extension:credBlob: true, webauthn:extension:largeBlob: true, webauthn:extension:minPinLength: true, webauthn:extension:prf: true, webauthn:virtualAuthenticators: true}
Element: [[ChromeDriver: chrome on WINDOWS (d0dd14d0530a22b1701239275b5c3cd3)] -&gt; xpath: //input[@type='submit']]
Session ID: d0dd14d0530a22b1701239275b5c3cd3
Build info: version: '4.8.1', revision: '8ebccac989'
System info: os.name: 'Windows 11', os.arch: 'amd64', os.version: '10.0', java.version: '17.0.5'
Driver info: driver.version: unknown&#13;
com.Afrexim.pages.Afrexim_OurBank_Contactus_Sendmessage_pages.Click_Submitbuttonoption(Afrexim_OurBank_Contactus_Sendmessage_pages.java:144)&#13;
com.Afrexim.steps.Afrexim_OurBank_Contactus_Sendmessage_steps.click_submit_button_option(Afrexim_OurBank_Contactus_Sendmessage_steps.java:136)&#13;
✽.Click Submit button option(file:///C:/Users/hp/eclipse-workspace/AfreximBank_SerenityBDD_Framework/src/test/resources/Afrexim_features/Afrexim_Our_Bank.feature:99)&#13;
</system-err></testcase></testsuite>